{"C:\\Users\\Hugo Jovel Web\\Desktop\\Curso React\\02-first-step\\src\\FirstStepsApp.tsx": {"path":"C:\\Users\\Hugo Jovel Web\\Desktop\\Curso React\\02-first-step\\src\\FirstStepsApp.tsx","statementMap":{"0":{"start":{"line":8,"column":34},"end":{"line":24,"column":null}},"1":{"start":{"line":28,"column":2},"end":{"line":35,"column":null}},"2":{"start":{"line":33,"column":50},"end":{"line":35,"column":null}}},"fnMap":{"0":{"name":"FirstStepsApp","decl":{"start":{"line":26,"column":16},"end":{"line":26,"column":null}},"loc":{"start":{"line":26,"column":16},"end":{"line":49,"column":null}},"line":26},"1":{"name":"(anonymous_1)","decl":{"start":{"line":33,"column":24},"end":{"line":33,"column":25}},"loc":{"start":{"line":33,"column":50},"end":{"line":35,"column":null}},"line":33}},"branchMap":{},"s":{"0":1,"1":3,"2":12},"f":{"0":3,"1":12},"b":{},"meta":{"lastBranch":0,"lastFunction":2,"lastStatement":3,"seen":{"s:8:34:24:Infinity":0,"f:26:16:26:Infinity":0,"s:28:2:35:Infinity":1,"f:33:24:33:25":1,"s:33:50:35:Infinity":2}}}
,"C:\\Users\\Hugo Jovel Web\\Desktop\\Curso React\\02-first-step\\src\\MyAwesomeApp.tsx": {"path":"C:\\Users\\Hugo Jovel Web\\Desktop\\Curso React\\02-first-step\\src\\MyAwesomeApp.tsx","statementMap":{"0":{"start":{"line":3,"column":24},"end":{"line":3,"column":null}},"1":{"start":{"line":4,"column":20},"end":{"line":4,"column":null}},"2":{"start":{"line":6,"column":16},"end":{"line":11,"column":null}},"3":{"start":{"line":13,"column":32},"end":{"line":18,"column":null}},"4":{"start":{"line":22,"column":20},"end":{"line":22,"column":null}},"5":{"start":{"line":23,"column":19},"end":{"line":23,"column":null}},"6":{"start":{"line":25,"column":2},"end":{"line":36,"column":null}}},"fnMap":{"0":{"name":"MyAwesomeApp","decl":{"start":{"line":20,"column":16},"end":{"line":20,"column":null}},"loc":{"start":{"line":20,"column":16},"end":{"line":44,"column":null}},"line":20}},"branchMap":{"0":{"loc":{"start":{"line":31,"column":28},"end":{"line":31,"column":null}},"type":"cond-expr","locations":[{"start":{"line":31,"column":42},"end":{"line":31,"column":50}},{"start":{"line":31,"column":50},"end":{"line":31,"column":null}}],"line":31}},"s":{"0":1,"1":1,"2":1,"3":1,"4":3,"5":3,"6":3},"f":{"0":3},"b":{"0":[3,0]},"meta":{"lastBranch":1,"lastFunction":1,"lastStatement":7,"seen":{"s:3:24:3:Infinity":0,"s:4:20:4:Infinity":1,"s:6:16:11:Infinity":2,"s:13:32:18:Infinity":3,"f:20:16:20:Infinity":0,"s:22:20:22:Infinity":4,"s:23:19:23:Infinity":5,"s:25:2:36:Infinity":6,"b:31:42:31:50:31:50:31:Infinity":0}}}
,"C:\\Users\\Hugo Jovel Web\\Desktop\\Curso React\\02-first-step\\src\\helpers\\math.helpers.ts": {"path":"C:\\Users\\Hugo Jovel Web\\Desktop\\Curso React\\02-first-step\\src\\helpers\\math.helpers.ts","statementMap":{"0":{"start":{"line":3,"column":19},"end":{"line":6,"column":null}},"1":{"start":{"line":5,"column":4},"end":{"line":5,"column":null}},"2":{"start":{"line":8,"column":24},"end":{"line":10,"column":null}},"3":{"start":{"line":9,"column":4},"end":{"line":9,"column":null}},"4":{"start":{"line":12,"column":24},"end":{"line":14,"column":null}},"5":{"start":{"line":13,"column":4},"end":{"line":13,"column":null}},"6":{"start":{"line":16,"column":22},"end":{"line":18,"column":null}},"7":{"start":{"line":17,"column":4},"end":{"line":17,"column":null}}},"fnMap":{"0":{"name":"(anonymous_0)","decl":{"start":{"line":3,"column":19},"end":{"line":3,"column":20}},"loc":{"start":{"line":3,"column":31},"end":{"line":6,"column":null}},"line":3},"1":{"name":"(anonymous_1)","decl":{"start":{"line":8,"column":24},"end":{"line":8,"column":25}},"loc":{"start":{"line":8,"column":36},"end":{"line":10,"column":null}},"line":8},"2":{"name":"(anonymous_2)","decl":{"start":{"line":12,"column":24},"end":{"line":12,"column":25}},"loc":{"start":{"line":12,"column":36},"end":{"line":14,"column":null}},"line":12},"3":{"name":"(anonymous_3)","decl":{"start":{"line":16,"column":22},"end":{"line":16,"column":23}},"loc":{"start":{"line":16,"column":34},"end":{"line":18,"column":null}},"line":16}},"branchMap":{},"s":{"0":1,"1":1,"2":1,"3":2,"4":1,"5":2,"6":1,"7":1},"f":{"0":1,"1":2,"2":2,"3":1},"b":{},"meta":{"lastBranch":0,"lastFunction":4,"lastStatement":8,"seen":{"s:3:19:6:Infinity":0,"f:3:19:3:20":0,"s:5:4:5:Infinity":1,"s:8:24:10:Infinity":2,"f:8:24:8:25":1,"s:9:4:9:Infinity":3,"s:12:24:14:Infinity":4,"f:12:24:12:25":2,"s:13:4:13:Infinity":5,"s:16:22:18:Infinity":6,"f:16:22:16:23":3,"s:17:4:17:Infinity":7}}}
,"C:\\Users\\Hugo Jovel Web\\Desktop\\Curso React\\02-first-step\\src\\shopping-cart\\ItemCounter.module.css": {"path":"C:\\Users\\Hugo Jovel Web\\Desktop\\Curso React\\02-first-step\\src\\shopping-cart\\ItemCounter.module.css","statementMap":{},"fnMap":{},"branchMap":{},"s":{},"f":{},"b":{},"meta":{"lastBranch":0,"lastFunction":0,"lastStatement":0,"seen":{}}}
,"C:\\Users\\Hugo Jovel Web\\Desktop\\Curso React\\02-first-step\\src\\shopping-cart\\ItemCounter.tsx": {"path":"C:\\Users\\Hugo Jovel Web\\Desktop\\Curso React\\02-first-step\\src\\shopping-cart\\ItemCounter.tsx","statementMap":{"0":{"start":{"line":12,"column":27},"end":{"line":53,"column":null}},"1":{"start":{"line":14,"column":27},"end":{"line":14,"column":null}},"2":{"start":{"line":16,"column":21},"end":{"line":20,"column":null}},"3":{"start":{"line":17,"column":4},"end":{"line":17,"column":null}},"4":{"start":{"line":19,"column":4},"end":{"line":19,"column":null}},"5":{"start":{"line":22,"column":26},"end":{"line":25,"column":null}},"6":{"start":{"line":23,"column":8},"end":{"line":23,"column":null}},"7":{"start":{"line":23,"column":24},"end":{"line":23,"column":null}},"8":{"start":{"line":24,"column":5},"end":{"line":24,"column":null}},"9":{"start":{"line":28,"column":2},"end":{"line":50,"column":null}}},"fnMap":{"0":{"name":"(anonymous_0)","decl":{"start":{"line":12,"column":27},"end":{"line":12,"column":28}},"loc":{"start":{"line":12,"column":57},"end":{"line":53,"column":null}},"line":12},"1":{"name":"(anonymous_1)","decl":{"start":{"line":16,"column":21},"end":{"line":16,"column":null}},"loc":{"start":{"line":16,"column":21},"end":{"line":20,"column":null}},"line":16},"2":{"name":"(anonymous_2)","decl":{"start":{"line":22,"column":26},"end":{"line":22,"column":null}},"loc":{"start":{"line":22,"column":26},"end":{"line":25,"column":null}},"line":22}},"branchMap":{"0":{"loc":{"start":{"line":12,"column":36},"end":{"line":12,"column":48}},"type":"default-arg","locations":[{"start":{"line":12,"column":47},"end":{"line":12,"column":48}}],"line":12},"1":{"loc":{"start":{"line":23,"column":8},"end":{"line":23,"column":null}},"type":"if","locations":[{"start":{"line":23,"column":8},"end":{"line":23,"column":null}},{"start":{},"end":{}}],"line":23},"2":{"loc":{"start":{"line":41,"column":19},"end":{"line":41,"column":null}},"type":"cond-expr","locations":[{"start":{"line":41,"column":33},"end":{"line":41,"column":41}},{"start":{"line":41,"column":41},"end":{"line":41,"column":null}}],"line":41}},"s":{"0":1,"1":10,"2":10,"3":1,"4":1,"5":10,"6":2,"7":0,"8":2,"9":10},"f":{"0":10,"1":1,"2":2},"b":{"0":[10],"1":[0,2],"2":[4,6]},"meta":{"lastBranch":3,"lastFunction":3,"lastStatement":10,"seen":{"s:12:27:53:Infinity":0,"f:12:27:12:28":0,"b:12:47:12:48":0,"s:14:27:14:Infinity":1,"s:16:21:20:Infinity":2,"f:16:21:16:Infinity":1,"s:17:4:17:Infinity":3,"s:19:4:19:Infinity":4,"s:22:26:25:Infinity":5,"f:22:26:22:Infinity":2,"b:23:8:23:Infinity:undefined:undefined:undefined:undefined":1,"s:23:8:23:Infinity":6,"s:23:24:23:Infinity":7,"s:24:5:24:Infinity":8,"s:28:2:50:Infinity":9,"b:41:33:41:41:41:41:41:Infinity":2}}}
}
