{"G:\\Archive-Projects\\2026\\Curso React\\03-gifs-app\\src\\GifsApp.tsx": {"path":"G:\\Archive-Projects\\2026\\Curso React\\03-gifs-app\\src\\GifsApp.tsx","statementMap":{"0":{"start":{"line":7,"column":23},"end":{"line":31,"column":null}},"1":{"start":{"line":8,"column":63},"end":{"line":8,"column":null}},"2":{"start":{"line":10,"column":2},"end":{"line":28,"column":null}}},"fnMap":{"0":{"name":"(anonymous_0)","decl":{"start":{"line":7,"column":23},"end":{"line":7,"column":null}},"loc":{"start":{"line":7,"column":23},"end":{"line":31,"column":null}},"line":7}},"branchMap":{},"s":{"0":1,"1":1,"2":1},"f":{"0":1},"b":{},"meta":{"lastBranch":0,"lastFunction":1,"lastStatement":3,"seen":{"s:7:23:31:Infinity":0,"f:7:23:7:Infinity":0,"s:8:63:8:Infinity":1,"s:10:2:28:Infinity":2}}}
,"G:\\Archive-Projects\\2026\\Curso React\\03-gifs-app\\src\\counter\\components\\MyCounterApp.tsx": {"path":"G:\\Archive-Projects\\2026\\Curso React\\03-gifs-app\\src\\counter\\components\\MyCounterApp.tsx","statementMap":{"0":{"start":{"line":4,"column":28},"end":{"line":20,"column":null}},"1":{"start":{"line":6,"column":57},"end":{"line":6,"column":null}},"2":{"start":{"line":8,"column":2},"end":{"line":16,"column":null}}},"fnMap":{"0":{"name":"(anonymous_0)","decl":{"start":{"line":4,"column":28},"end":{"line":4,"column":null}},"loc":{"start":{"line":4,"column":28},"end":{"line":20,"column":null}},"line":4}},"branchMap":{},"s":{"0":2,"1":7,"2":7},"f":{"0":7},"b":{},"meta":{"lastBranch":0,"lastFunction":1,"lastStatement":3,"seen":{"s:4:28:20:Infinity":0,"f:4:28:4:Infinity":0,"s:6:57:6:Infinity":1,"s:8:2:16:Infinity":2}}}
,"G:\\Archive-Projects\\2026\\Curso React\\03-gifs-app\\src\\counter\\hooks\\useCounter.tsx": {"path":"G:\\Archive-Projects\\2026\\Curso React\\03-gifs-app\\src\\counter\\hooks\\useCounter.tsx","statementMap":{"0":{"start":{"line":3,"column":26},"end":{"line":28,"column":null}},"1":{"start":{"line":4,"column":29},"end":{"line":4,"column":null}},"2":{"start":{"line":6,"column":20},"end":{"line":8,"column":null}},"3":{"start":{"line":7,"column":4},"end":{"line":7,"column":null}},"4":{"start":{"line":10,"column":25},"end":{"line":12,"column":null}},"5":{"start":{"line":11,"column":4},"end":{"line":11,"column":null}},"6":{"start":{"line":11,"column":30},"end":{"line":11,"column":null}},"7":{"start":{"line":14,"column":22},"end":{"line":16,"column":null}},"8":{"start":{"line":15,"column":4},"end":{"line":15,"column":null}},"9":{"start":{"line":18,"column":2},"end":{"line":27,"column":null}}},"fnMap":{"0":{"name":"(anonymous_0)","decl":{"start":{"line":3,"column":26},"end":{"line":3,"column":27}},"loc":{"start":{"line":3,"column":52},"end":{"line":28,"column":null}},"line":3},"1":{"name":"(anonymous_1)","decl":{"start":{"line":6,"column":20},"end":{"line":6,"column":null}},"loc":{"start":{"line":6,"column":20},"end":{"line":8,"column":null}},"line":6},"2":{"name":"(anonymous_2)","decl":{"start":{"line":10,"column":25},"end":{"line":10,"column":null}},"loc":{"start":{"line":10,"column":25},"end":{"line":12,"column":null}},"line":10},"3":{"name":"(anonymous_3)","decl":{"start":{"line":11,"column":15},"end":{"line":11,"column":16}},"loc":{"start":{"line":11,"column":30},"end":{"line":11,"column":null}},"line":11},"4":{"name":"(anonymous_4)","decl":{"start":{"line":14,"column":22},"end":{"line":14,"column":null}},"loc":{"start":{"line":14,"column":22},"end":{"line":16,"column":null}},"line":14}},"branchMap":{"0":{"loc":{"start":{"line":3,"column":27},"end":{"line":3,"column":52}},"type":"default-arg","locations":[{"start":{"line":3,"column":50},"end":{"line":3,"column":52}}],"line":3}},"s":{"0":2,"1":14,"2":14,"3":2,"4":14,"5":7,"6":7,"7":14,"8":1,"9":14},"f":{"0":14,"1":2,"2":7,"3":7,"4":1},"b":{"0":[14]},"meta":{"lastBranch":1,"lastFunction":5,"lastStatement":10,"seen":{"s:3:26:28:Infinity":0,"f:3:26:3:27":0,"b:3:50:3:52":0,"s:4:29:4:Infinity":1,"s:6:20:8:Infinity":2,"f:6:20:6:Infinity":1,"s:7:4:7:Infinity":3,"s:10:25:12:Infinity":4,"f:10:25:10:Infinity":2,"s:11:4:11:Infinity":5,"f:11:15:11:16":3,"s:11:30:11:Infinity":6,"s:14:22:16:Infinity":7,"f:14:22:14:Infinity":4,"s:15:4:15:Infinity":8,"s:18:2:27:Infinity":9}}}
,"G:\\Archive-Projects\\2026\\Curso React\\03-gifs-app\\src\\gifs\\actions\\get-gifs-by-query.action.ts": {"path":"G:\\Archive-Projects\\2026\\Curso React\\03-gifs-app\\src\\gifs\\actions\\get-gifs-by-query.action.ts","statementMap":{"0":{"start":{"line":5,"column":30},"end":{"line":31,"column":null}},"1":{"start":{"line":7,"column":2},"end":{"line":9,"column":null}},"2":{"start":{"line":8,"column":4},"end":{"line":8,"column":null}},"3":{"start":{"line":11,"column":2},"end":{"line":30,"column":null}},"4":{"start":{"line":12,"column":21},"end":{"line":17,"column":null}},"5":{"start":{"line":19,"column":2},"end":{"line":25,"column":null}},"6":{"start":{"line":19,"column":42},"end":{"line":25,"column":null}},"7":{"start":{"line":28,"column":4},"end":{"line":28,"column":null}},"8":{"start":{"line":29,"column":4},"end":{"line":29,"column":null}}},"fnMap":{"0":{"name":"(anonymous_0)","decl":{"start":{"line":5,"column":30},"end":{"line":5,"column":37}},"loc":{"start":{"line":5,"column":37},"end":{"line":31,"column":null}},"line":5},"1":{"name":"(anonymous_1)","decl":{"start":{"line":19,"column":32},"end":{"line":19,"column":33}},"loc":{"start":{"line":19,"column":42},"end":{"line":25,"column":null}},"line":19}},"branchMap":{"0":{"loc":{"start":{"line":7,"column":2},"end":{"line":9,"column":null}},"type":"if","locations":[{"start":{"line":7,"column":2},"end":{"line":9,"column":null}},{"start":{},"end":{}}],"line":7}},"s":{"0":3,"1":3,"2":1,"3":2,"4":2,"5":1,"6":10,"7":1,"8":1},"f":{"0":3,"1":10},"b":{"0":[1,2]},"meta":{"lastBranch":1,"lastFunction":2,"lastStatement":9,"seen":{"s:5:30:31:Infinity":0,"f:5:30:5:37":0,"b:7:2:9:Infinity:undefined:undefined:undefined:undefined":0,"s:7:2:9:Infinity":1,"s:8:4:8:Infinity":2,"s:11:2:30:Infinity":3,"s:12:21:17:Infinity":4,"s:19:2:25:Infinity":5,"f:19:32:19:33":1,"s:19:42:25:Infinity":6,"s:28:4:28:Infinity":7,"s:29:4:29:Infinity":8}}}
,"G:\\Archive-Projects\\2026\\Curso React\\03-gifs-app\\src\\gifs\\api\\giphy.api.ts": {"path":"G:\\Archive-Projects\\2026\\Curso React\\03-gifs-app\\src\\gifs\\api\\giphy.api.ts","statementMap":{"0":{"start":{"line":3,"column":24},"end":{"line":9,"column":null}}},"fnMap":{},"branchMap":{},"s":{"0":4},"f":{},"b":{},"meta":{"lastBranch":0,"lastFunction":0,"lastStatement":1,"seen":{"s:3:24:9:Infinity":0}}}
,"G:\\Archive-Projects\\2026\\Curso React\\03-gifs-app\\src\\gifs\\components\\GifList.tsx": {"path":"G:\\Archive-Projects\\2026\\Curso React\\03-gifs-app\\src\\gifs\\components\\GifList.tsx","statementMap":{"0":{"start":{"line":9,"column":34},"end":{"line":24,"column":null}},"1":{"start":{"line":11,"column":2},"end":{"line":14,"column":28}},"2":{"start":{"line":13,"column":19},"end":{"line":14,"column":28}}},"fnMap":{"0":{"name":"(anonymous_0)","decl":{"start":{"line":9,"column":34},"end":{"line":9,"column":35}},"loc":{"start":{"line":9,"column":43},"end":{"line":24,"column":null}},"line":9},"1":{"name":"(anonymous_1)","decl":{"start":{"line":13,"column":18},"end":{"line":13,"column":19}},"loc":{"start":{"line":13,"column":19},"end":{"line":14,"column":28}},"line":13}},"branchMap":{},"s":{"0":1,"1":1,"2":0},"f":{"0":1,"1":0},"b":{},"meta":{"lastBranch":0,"lastFunction":2,"lastStatement":3,"seen":{"s:9:34:24:Infinity":0,"f:9:34:9:35":0,"s:11:2:14:28":1,"f:13:18:13:19":1,"s:13:19:14:28":2}}}
,"G:\\Archive-Projects\\2026\\Curso React\\03-gifs-app\\src\\gifs\\components\\PreviousSearch.tsx": {"path":"G:\\Archive-Projects\\2026\\Curso React\\03-gifs-app\\src\\gifs\\components\\PreviousSearch.tsx","statementMap":{"0":{"start":{"line":9,"column":41},"end":{"line":22,"column":null}},"1":{"start":{"line":10,"column":2},"end":{"line":15,"column":35}},"2":{"start":{"line":14,"column":31},"end":{"line":15,"column":35}},"3":{"start":{"line":15,"column":50},"end":{"line":15,"column":null}}},"fnMap":{"0":{"name":"(anonymous_0)","decl":{"start":{"line":9,"column":41},"end":{"line":9,"column":42}},"loc":{"start":{"line":9,"column":70},"end":{"line":22,"column":null}},"line":9},"1":{"name":"(anonymous_1)","decl":{"start":{"line":14,"column":30},"end":{"line":14,"column":31}},"loc":{"start":{"line":14,"column":31},"end":{"line":15,"column":35}},"line":14},"2":{"name":"(anonymous_2)","decl":{"start":{"line":15,"column":44},"end":{"line":15,"column":50}},"loc":{"start":{"line":15,"column":50},"end":{"line":15,"column":null}},"line":15}},"branchMap":{},"s":{"0":1,"1":1,"2":0,"3":0},"f":{"0":1,"1":0,"2":0},"b":{},"meta":{"lastBranch":0,"lastFunction":3,"lastStatement":4,"seen":{"s:9:41:22:Infinity":0,"f:9:41:9:42":0,"s:10:2:15:35":1,"f:14:30:14:31":1,"s:14:31:15:35":2,"f:15:44:15:50":2,"s:15:50:15:Infinity":3}}}
,"G:\\Archive-Projects\\2026\\Curso React\\03-gifs-app\\src\\gifs\\hooks\\useGifs.tsx": {"path":"G:\\Archive-Projects\\2026\\Curso React\\03-gifs-app\\src\\gifs\\hooks\\useGifs.tsx","statementMap":{"0":{"start":{"line":5,"column":23},"end":{"line":46,"column":null}},"1":{"start":{"line":6,"column":23},"end":{"line":6,"column":null}},"2":{"start":{"line":7,"column":41},"end":{"line":7,"column":null}},"3":{"start":{"line":9,"column":8},"end":{"line":9,"column":null}},"4":{"start":{"line":11,"column":27},"end":{"line":19,"column":null}},"5":{"start":{"line":12,"column":4},"end":{"line":15,"column":null}},"6":{"start":{"line":13,"column":6},"end":{"line":13,"column":null}},"7":{"start":{"line":14,"column":6},"end":{"line":14,"column":null}},"8":{"start":{"line":16,"column":17},"end":{"line":16,"column":null}},"9":{"start":{"line":17,"column":4},"end":{"line":17,"column":null}},"10":{"start":{"line":18,"column":4},"end":{"line":18,"column":null}},"11":{"start":{"line":21,"column":22},"end":{"line":35,"column":null}},"12":{"start":{"line":22,"column":2},"end":{"line":22,"column":null}},"13":{"start":{"line":24,"column":2},"end":{"line":24,"column":null}},"14":{"start":{"line":24,"column":26},"end":{"line":24,"column":null}},"15":{"start":{"line":26,"column":2},"end":{"line":26,"column":null}},"16":{"start":{"line":26,"column":37},"end":{"line":26,"column":null}},"17":{"start":{"line":29,"column":2},"end":{"line":29,"column":null}},"18":{"start":{"line":29,"column":29},"end":{"line":29,"column":null}},"19":{"start":{"line":31,"column":15},"end":{"line":31,"column":null}},"20":{"start":{"line":32,"column":2},"end":{"line":32,"column":null}},"21":{"start":{"line":34,"column":2},"end":{"line":34,"column":35}},"22":{"start":{"line":37,"column":2},"end":{"line":45,"column":null}}},"fnMap":{"0":{"name":"(anonymous_0)","decl":{"start":{"line":5,"column":23},"end":{"line":5,"column":null}},"loc":{"start":{"line":5,"column":23},"end":{"line":46,"column":null}},"line":5},"1":{"name":"(anonymous_1)","decl":{"start":{"line":11,"column":27},"end":{"line":11,"column":34}},"loc":{"start":{"line":11,"column":34},"end":{"line":19,"column":null}},"line":11},"2":{"name":"(anonymous_2)","decl":{"start":{"line":21,"column":22},"end":{"line":21,"column":29}},"loc":{"start":{"line":21,"column":47},"end":{"line":35,"column":null}},"line":21},"3":{"name":"(anonymous_3)","decl":{"start":{"line":29,"column":19},"end":{"line":29,"column":20}},"loc":{"start":{"line":29,"column":29},"end":{"line":29,"column":null}},"line":29}},"branchMap":{"0":{"loc":{"start":{"line":12,"column":4},"end":{"line":15,"column":null}},"type":"if","locations":[{"start":{"line":12,"column":4},"end":{"line":15,"column":null}},{"start":{},"end":{}}],"line":12},"1":{"loc":{"start":{"line":21,"column":29},"end":{"line":21,"column":47}},"type":"default-arg","locations":[{"start":{"line":21,"column":45},"end":{"line":21,"column":47}}],"line":21},"2":{"loc":{"start":{"line":24,"column":2},"end":{"line":24,"column":null}},"type":"if","locations":[{"start":{"line":24,"column":2},"end":{"line":24,"column":null}},{"start":{},"end":{}}],"line":24},"3":{"loc":{"start":{"line":26,"column":2},"end":{"line":26,"column":null}},"type":"if","locations":[{"start":{"line":26,"column":2},"end":{"line":26,"column":null}},{"start":{},"end":{}}],"line":26}},"s":{"0":2,"1":19,"2":19,"3":19,"4":19,"5":3,"6":1,"7":1,"8":2,"9":2,"10":2,"11":19,"12":10,"13":10,"14":0,"15":10,"16":0,"17":10,"18":10,"19":10,"20":10,"21":10,"22":19},"f":{"0":19,"1":3,"2":10,"3":10},"b":{"0":[1,2],"1":[10],"2":[0,10],"3":[0,10]},"meta":{"lastBranch":4,"lastFunction":4,"lastStatement":23,"seen":{"s:5:23:46:Infinity":0,"f:5:23:5:Infinity":0,"s:6:23:6:Infinity":1,"s:7:41:7:Infinity":2,"s:9:8:9:Infinity":3,"s:11:27:19:Infinity":4,"f:11:27:11:34":1,"b:12:4:15:Infinity:undefined:undefined:undefined:undefined":0,"s:12:4:15:Infinity":5,"s:13:6:13:Infinity":6,"s:14:6:14:Infinity":7,"s:16:17:16:Infinity":8,"s:17:4:17:Infinity":9,"s:18:4:18:Infinity":10,"s:21:22:35:Infinity":11,"f:21:22:21:29":2,"b:21:45:21:47":1,"s:22:2:22:Infinity":12,"b:24:2:24:Infinity:undefined:undefined:undefined:undefined":2,"s:24:2:24:Infinity":13,"s:24:26:24:Infinity":14,"b:26:2:26:Infinity:undefined:undefined:undefined:undefined":3,"s:26:2:26:Infinity":15,"s:26:37:26:Infinity":16,"s:29:2:29:Infinity":17,"f:29:19:29:20":3,"s:29:29:29:Infinity":18,"s:31:15:31:Infinity":19,"s:32:2:32:Infinity":20,"s:34:2:34:35":21,"s:37:2:45:Infinity":22}}}
,"G:\\Archive-Projects\\2026\\Curso React\\03-gifs-app\\src\\shared\\components\\CustomHeader.tsx": {"path":"G:\\Archive-Projects\\2026\\Curso React\\03-gifs-app\\src\\shared\\components\\CustomHeader.tsx","statementMap":{"0":{"start":{"line":6,"column":21},"end":{"line":15,"column":null}},"1":{"start":{"line":7,"column":2},"end":{"line":11,"column":null}}},"fnMap":{"0":{"name":"(anonymous_0)","decl":{"start":{"line":6,"column":21},"end":{"line":6,"column":22}},"loc":{"start":{"line":6,"column":51},"end":{"line":15,"column":null}},"line":6}},"branchMap":{"0":{"loc":{"start":{"line":11,"column":9},"end":{"line":11,"column":null}},"type":"binary-expr","locations":[{"start":{"line":11,"column":9},"end":{"line":11,"column":24}},{"start":{"line":11,"column":9},"end":{"line":11,"column":null}}],"line":11}},"s":{"0":2,"1":4},"f":{"0":4},"b":{"0":[4,2]},"meta":{"lastBranch":1,"lastFunction":1,"lastStatement":2,"seen":{"s:6:21:15:Infinity":0,"f:6:21:6:22":0,"s:7:2:11:Infinity":1,"b:11:9:11:24:11:9:11:Infinity":0}}}
,"G:\\Archive-Projects\\2026\\Curso React\\03-gifs-app\\src\\shared\\components\\SearchBar.tsx": {"path":"G:\\Archive-Projects\\2026\\Curso React\\03-gifs-app\\src\\shared\\components\\SearchBar.tsx","statementMap":{"0":{"start":{"line":9,"column":25},"end":{"line":50,"column":null}},"1":{"start":{"line":10,"column":25},"end":{"line":10,"column":null}},"2":{"start":{"line":13,"column":2},"end":{"line":26,"column":null}},"3":{"start":{"line":15,"column":22},"end":{"line":17,"column":null}},"4":{"start":{"line":16,"column":6},"end":{"line":16,"column":null}},"5":{"start":{"line":21,"column":8},"end":{"line":24,"column":null}},"6":{"start":{"line":23,"column":10},"end":{"line":23,"column":null}},"7":{"start":{"line":25,"column":8},"end":{"line":25,"column":null}},"8":{"start":{"line":28,"column":23},"end":{"line":31,"column":null}},"9":{"start":{"line":29,"column":4},"end":{"line":29,"column":null}},"10":{"start":{"line":33,"column":24},"end":{"line":37,"column":null}},"11":{"start":{"line":34,"column":4},"end":{"line":36,"column":null}},"12":{"start":{"line":35,"column":6},"end":{"line":35,"column":null}},"13":{"start":{"line":39,"column":2},"end":{"line":48,"column":null}},"14":{"start":{"line":44,"column":31},"end":{"line":44,"column":null}}},"fnMap":{"0":{"name":"(anonymous_0)","decl":{"start":{"line":9,"column":25},"end":{"line":9,"column":26}},"loc":{"start":{"line":9,"column":68},"end":{"line":50,"column":null}},"line":9},"1":{"name":"(anonymous_1)","decl":{"start":{"line":13,"column":13},"end":{"line":13,"column":null}},"loc":{"start":{"line":13,"column":13},"end":{"line":26,"column":null}},"line":13},"2":{"name":"(anonymous_2)","decl":{"start":{"line":15,"column":33},"end":{"line":15,"column":null}},"loc":{"start":{"line":15,"column":33},"end":{"line":17,"column":7}},"line":15},"3":{"name":"(anonymous_3)","decl":{"start":{"line":21,"column":15},"end":{"line":21,"column":null}},"loc":{"start":{"line":21,"column":15},"end":{"line":24,"column":null}},"line":21},"4":{"name":"(anonymous_4)","decl":{"start":{"line":28,"column":23},"end":{"line":28,"column":null}},"loc":{"start":{"line":28,"column":23},"end":{"line":31,"column":null}},"line":28},"5":{"name":"(anonymous_5)","decl":{"start":{"line":33,"column":24},"end":{"line":33,"column":25}},"loc":{"start":{"line":33,"column":25},"end":{"line":37,"column":null}},"line":33},"6":{"name":"(anonymous_6)","decl":{"start":{"line":44,"column":19},"end":{"line":44,"column":20}},"loc":{"start":{"line":44,"column":31},"end":{"line":44,"column":null}},"line":44}},"branchMap":{"0":{"loc":{"start":{"line":9,"column":28},"end":{"line":9,"column":50}},"type":"default-arg","locations":[{"start":{"line":9,"column":42},"end":{"line":9,"column":50}}],"line":9},"1":{"loc":{"start":{"line":34,"column":4},"end":{"line":36,"column":null}},"type":"if","locations":[{"start":{"line":34,"column":4},"end":{"line":36,"column":null}},{"start":{},"end":{}}],"line":34}},"s":{"0":2,"1":12,"2":12,"3":12,"4":2,"5":12,"6":12,"7":0,"8":12,"9":1,"10":12,"11":0,"12":0,"13":12,"14":6},"f":{"0":12,"1":12,"2":2,"3":12,"4":1,"5":0,"6":6},"b":{"0":[12],"1":[0,0]},"meta":{"lastBranch":2,"lastFunction":7,"lastStatement":15,"seen":{"s:9:25:50:Infinity":0,"f:9:25:9:26":0,"b:9:42:9:50":0,"s:10:25:10:Infinity":1,"s:13:2:26:Infinity":2,"f:13:13:13:Infinity":1,"s:15:22:17:Infinity":3,"f:15:33:15:Infinity":2,"s:16:6:16:Infinity":4,"s:21:8:24:Infinity":5,"f:21:15:21:Infinity":3,"s:23:10:23:Infinity":6,"s:25:8:25:Infinity":7,"s:28:23:31:Infinity":8,"f:28:23:28:Infinity":4,"s:29:4:29:Infinity":9,"s:33:24:37:Infinity":10,"f:33:24:33:25":5,"b:34:4:36:Infinity:undefined:undefined:undefined:undefined":1,"s:34:4:36:Infinity":11,"s:35:6:35:Infinity":12,"s:39:2:48:Infinity":13,"f:44:19:44:20":6,"s:44:31:44:Infinity":14}}}
,"G:\\Archive-Projects\\2026\\Curso React\\03-gifs-app\\tests\\mocks\\giphy.response.data.ts": {"path":"G:\\Archive-Projects\\2026\\Curso React\\03-gifs-app\\tests\\mocks\\giphy.response.data.ts","statementMap":{"0":{"start":{"line":1,"column":39},"end":{"line":2005,"column":null}}},"fnMap":{},"branchMap":{},"s":{"0":1},"f":{},"b":{},"meta":{"lastBranch":0,"lastFunction":0,"lastStatement":1,"seen":{"s:1:39:2005:Infinity":0}}}
}
